<?xml version="1.0" encoding="UTF-8"?>
<testsuite xmlns:xsi="http://www.w3.org/2001/XMLSchema-instance" xsi:noNamespaceSchemaLocation="https://maven.apache.org/surefire/maven-surefire-plugin/xsd/surefire-test-report.xsd" version="3.0.2" name="com.saberpro.app.SaberproApplicationTests" time="25.377" tests="1" errors="0" skipped="0" failures="0" flakes="0">
  <properties>
[...]
</properties>
  <testcase name="contextLoads" classname="com.saberpro.app.SaberproApplicationTests" time="1.504">
    <system-out><![CDATA[03:31:09.725 [main] INFO org.springframework.test.context.support.AnnotationConfigContextLoaderUtils -- Could not detect default configuration classes for test class [com.saberpro.app.SaberproApplicationTests]: SaberproApplicationTests does not declare any static, non-private, non-final, nested classes annotated with @Configuration.
03:31:10.224 [main] INFO org.springframework.boot.test.context.SpringBootTestContextBootstrapper -- Found @SpringBootConfiguration com.saberpro.app.SaberProApplication for test class com.saberpro.app.SaberproApplicationTests
03:31:10.552 [main] INFO org.springframework.test.context.support.AnnotationConfigContextLoaderUtils -- Could not detect default configuration classes for test class [com.saberpro.app.SaberproApplicationTests]: SaberproApplicationTests does not declare any static, non-private, non-final, nested classes annotated with @Configuration.
03:31:10.565 [main] INFO org.springframework.boot.test.context.SpringBootTestContextBootstrapper -- Found @SpringBootConfiguration com.saberpro.app.SaberProApplication for test class com.saberpro.app.SaberproApplicationTests
03:31:10.868 [main] INFO org.springframework.boot.devtools.restart.RestartApplicationListener -- Restart disabled due to context in which it is running

  .   ____          _            __ _ _
 /\\ / ___'_ __ _ _(_)_ __  __ _ \ \ \ \
( ( )\___ | '_ | '_| | '_ \/ _` | \ \ \ \
 \\/  ___)| |_)| | | | | || (_| |  ) ) ) )
  '  |____| .__|_| |_|_| |_\__, | / / / /
 =========|_|==============|___/=/_/_/_/

 :: Spring Boot ::                (v4.0.6)

2026-06-09T03:31:11.955-05:00  INFO 2332 --- [           main] c.saberpro.app.SaberproApplicationTests  : Starting SaberproApplicationTests using Java 25.0.2 with PID 2332 (started by Nicolas in D:\TRABAJOS 2026\SABERPRO)
2026-06-09T03:31:11.959-05:00  INFO 2332 --- [           main] c.saberpro.app.SaberproApplicationTests  : No active profile set, falling back to 1 default profile: "default"
2026-06-09T03:31:14.937-05:00  INFO 2332 --- [           main] .s.d.r.c.RepositoryConfigurationDelegate : Bootstrapping Spring Data JPA repositories in DEFAULT mode.
2026-06-09T03:31:15.142-05:00  INFO 2332 --- [           main] .s.d.r.c.RepositoryConfigurationDelegate : Finished Spring Data repository scanning in 176 ms. Found 2 JPA repository interfaces.
2026-06-09T03:31:17.252-05:00  INFO 2332 --- [           main] org.hibernate.orm.jpa                    : HHH008540: Processing PersistenceUnitInfo [name: default]
2026-06-09T03:31:17.417-05:00  INFO 2332 --- [           main] org.hibernate.orm.core                   : HHH000001: Hibernate ORM core version 7.2.12.Final
2026-06-09T03:31:19.080-05:00  INFO 2332 --- [           main] o.s.o.j.p.SpringPersistenceUnitInfo      : No LoadTimeWeaver setup: ignoring JPA class transformer
2026-06-09T03:31:19.316-05:00  INFO 2332 --- [           main] com.zaxxer.hikari.HikariDataSource       : HikariPool-1 - Starting...
2026-06-09T03:31:20.229-05:00  INFO 2332 --- [           main] com.zaxxer.hikari.pool.HikariPool        : HikariPool-1 - Added connection com.mysql.cj.jdbc.ConnectionImpl@57eed461
2026-06-09T03:31:20.232-05:00  INFO 2332 --- [           main] com.zaxxer.hikari.HikariDataSource       : HikariPool-1 - Start completed.
2026-06-09T03:31:20.335-05:00  WARN 2332 --- [           main] org.hibernate.orm.core                   : HHH000511: The 5.5.5 version for [org.hibernate.dialect.MySQLDialect] is no longer supported, hence certain features may not work properly.The minimum supported version is 8.0.0. Check the community dialects project for available legacy versions.
2026-06-09T03:31:20.345-05:00  WARN 2332 --- [           main] org.hibernate.orm.deprecation            : HHH90000025: MySQLDialect does not need to be specified explicitly using 'hibernate.dialect' (remove the property setting and it will be selected by default)
2026-06-09T03:31:20.409-05:00  INFO 2332 --- [           main] org.hibernate.orm.connections.pooling    : HHH10001005: Database info:
	Database JDBC URL [jdbc:mysql://localhost:3306/saberpro?createDatabaseIfNotExist=true&useSSL=false&serverTimezone=UTC]
	Database driver: MySQL Connector/J
	Database dialect: MySQLDialect
	Database version: 5.5.5
	Default catalog/schema: saberpro/undefined
	Autocommit mode: undefined/unknown
	Isolation level: REPEATABLE_READ [default REPEATABLE_READ]
	JDBC fetch size: none
	Pool: DataSourceConnectionProvider
	Minimum pool size: undefined/unknown
	Maximum pool size: undefined/unknown
2026-06-09T03:31:22.784-05:00  INFO 2332 --- [           main] org.hibernate.orm.core                   : HHH000489: No JTA platform available (set 'hibernate.transaction.jta.platform' to enable JTA platform integration)
2026-06-09T03:31:23.425-05:00  INFO 2332 --- [           main] j.LocalContainerEntityManagerFactoryBean : Initialized JPA EntityManagerFactory for persistence unit 'default'
2026-06-09T03:31:24.732-05:00  INFO 2332 --- [           main] o.s.d.j.r.query.QueryEnhancerFactories   : Hibernate is in classpath; If applicable, HQL parser will be used.
2026-06-09T03:31:25.618-05:00  WARN 2332 --- [           main] JpaBaseConfiguration$JpaWebConfiguration : spring.jpa.open-in-view is enabled by default. Therefore, database queries may be performed during view rendering. Explicitly configure spring.jpa.open-in-view to disable this warning
2026-06-09T03:31:25.967-05:00  INFO 2332 --- [           main] r$InitializeUserDetailsManagerConfigurer : Global AuthenticationManager configured with UserDetailsService bean with name userDetailsService
2026-06-09T03:31:27.921-05:00  INFO 2332 --- [           main] c.saberpro.app.SaberproApplicationTests  : Started SaberproApplicationTests in 17.088 seconds (process running for 22.151)
Hibernate: select u1_0.id,u1_0.aprobado_saber_pro,u1_0.documento,u1_0.email,u1_0.nombre_completo,u1_0.pago_cargado,u1_0.password,u1_0.programa,u1_0.puntaje_global,u1_0.rol,u1_0.semestre from usuarios u1_0
Hibernate: select a1_0.usuario_id,a1_0.authorities from usuario_authorities a1_0 where a1_0.usuario_id=?
Hibernate: select a1_0.usuario_id,a1_0.authorities from usuario_authorities a1_0 where a1_0.usuario_id=?
Hibernate: select a1_0.usuario_id,a1_0.authorities from usuario_authorities a1_0 where a1_0.usuario_id=?
Hibernate: select a1_0.usuario_id,a1_0.authorities from usuario_authorities a1_0 where a1_0.usuario_id=?
Hibernate: select a1_0.usuario_id,a1_0.authorities from usuario_authorities a1_0 where a1_0.usuario_id=?
Hibernate: select a1_0.usuario_id,a1_0.authorities from usuario_authorities a1_0 where a1_0.usuario_id=?
Hibernate: select a1_0.usuario_id,a1_0.authorities from usuario_authorities a1_0 where a1_0.usuario_id=?
Hibernate: select a1_0.usuario_id,a1_0.authorities from usuario_authorities a1_0 where a1_0.usuario_id=?
Hibernate: select a1_0.usuario_id,a1_0.authorities from usuario_authorities a1_0 where a1_0.usuario_id=?
Hibernate: select a1_0.usuario_id,a1_0.authorities from usuario_authorities a1_0 where a1_0.usuario_id=?
Hibernate: select a1_0.usuario_id,a1_0.authorities from usuario_authorities a1_0 where a1_0.usuario_id=?
Hibernate: select a1_0.usuario_id,a1_0.authorities from usuario_authorities a1_0 where a1_0.usuario_id=?
Hibernate: delete from usuario_authorities where usuario_id=?
Hibernate: delete from usuario_authorities where usuario_id=?
Hibernate: delete from usuario_authorities where usuario_id=?
Hibernate: delete from usuario_authorities where usuario_id=?
Hibernate: delete from usuario_authorities where usuario_id=?
Hibernate: delete from usuario_authorities where usuario_id=?
Hibernate: delete from usuario_authorities where usuario_id=?
Hibernate: delete from usuario_authorities where usuario_id=?
Hibernate: delete from usuario_authorities where usuario_id=?
Hibernate: delete from usuario_authorities where usuario_id=?
Hibernate: delete from usuario_authorities where usuario_id=?
Hibernate: delete from usuario_authorities where usuario_id=?
Hibernate: delete from usuarios where id=?
Hibernate: delete from usuarios where id=?
Hibernate: delete from usuarios where id=?
Hibernate: delete from usuarios where id=?
Hibernate: delete from usuarios where id=?
Hibernate: delete from usuarios where id=?
Hibernate: delete from usuarios where id=?
Hibernate: delete from usuarios where id=?
Hibernate: delete from usuarios where id=?
Hibernate: delete from usuarios where id=?
Hibernate: delete from usuarios where id=?
Hibernate: delete from usuarios where id=?
Hibernate: insert into usuarios (aprobado_saber_pro,documento,email,nombre_completo,pago_cargado,password,programa,puntaje_global,rol,semestre) values (?,?,?,?,?,?,?,?,?,?)
Hibernate: insert into usuario_authorities (usuario_id,authorities) values (?,?)
Hibernate: insert into usuarios (aprobado_saber_pro,documento,email,nombre_completo,pago_cargado,password,programa,puntaje_global,rol,semestre) values (?,?,?,?,?,?,?,?,?,?)
Hibernate: insert into usuario_authorities (usuario_id,authorities) values (?,?)
Hibernate: select u1_0.id,u1_0.aprobado_saber_pro,u1_0.documento,u1_0.email,u1_0.nombre_completo,u1_0.pago_cargado,u1_0.password,u1_0.programa,u1_0.puntaje_global,u1_0.rol,u1_0.semestre from usuarios u1_0 where u1_0.email=?
Hibernate: insert into usuarios (aprobado_saber_pro,documento,email,nombre_completo,pago_cargado,password,programa,puntaje_global,rol,semestre) values (?,?,?,?,?,?,?,?,?,?)
Hibernate: insert into usuario_authorities (usuario_id,authorities) values (?,?)
Hibernate: select u1_0.id,u1_0.aprobado_saber_pro,u1_0.documento,u1_0.email,u1_0.nombre_completo,u1_0.pago_cargado,u1_0.password,u1_0.programa,u1_0.puntaje_global,u1_0.rol,u1_0.semestre from usuarios u1_0 where u1_0.email=?
Hibernate: insert into usuarios (aprobado_saber_pro,documento,email,nombre_completo,pago_cargado,password,programa,puntaje_global,rol,semestre) values (?,?,?,?,?,?,?,?,?,?)
Hibernate: insert into usuario_authorities (usuario_id,authorities) values (?,?)
Hibernate: select u1_0.id,u1_0.aprobado_saber_pro,u1_0.documento,u1_0.email,u1_0.nombre_completo,u1_0.pago_cargado,u1_0.password,u1_0.programa,u1_0.puntaje_global,u1_0.rol,u1_0.semestre from usuarios u1_0 where u1_0.email=?
Hibernate: insert into usuarios (aprobado_saber_pro,documento,email,nombre_completo,pago_cargado,password,programa,puntaje_global,rol,semestre) values (?,?,?,?,?,?,?,?,?,?)
Hibernate: insert into usuario_authorities (usuario_id,authorities) values (?,?)
Hibernate: select u1_0.id,u1_0.aprobado_saber_pro,u1_0.documento,u1_0.email,u1_0.nombre_completo,u1_0.pago_cargado,u1_0.password,u1_0.programa,u1_0.puntaje_global,u1_0.rol,u1_0.semestre from usuarios u1_0 where u1_0.email=?
Hibernate: insert into usuarios (aprobado_saber_pro,documento,email,nombre_completo,pago_cargado,password,programa,puntaje_global,rol,semestre) values (?,?,?,?,?,?,?,?,?,?)
Hibernate: insert into usuario_authorities (usuario_id,authorities) values (?,?)
Hibernate: select u1_0.id,u1_0.aprobado_saber_pro,u1_0.documento,u1_0.email,u1_0.nombre_completo,u1_0.pago_cargado,u1_0.password,u1_0.programa,u1_0.puntaje_global,u1_0.rol,u1_0.semestre from usuarios u1_0 where u1_0.email=?
Hibernate: insert into usuarios (aprobado_saber_pro,documento,email,nombre_completo,pago_cargado,password,programa,puntaje_global,rol,semestre) values (?,?,?,?,?,?,?,?,?,?)
Hibernate: insert into usuario_authorities (usuario_id,authorities) values (?,?)
Hibernate: select u1_0.id,u1_0.aprobado_saber_pro,u1_0.documento,u1_0.email,u1_0.nombre_completo,u1_0.pago_cargado,u1_0.password,u1_0.programa,u1_0.puntaje_global,u1_0.rol,u1_0.semestre from usuarios u1_0 where u1_0.email=?
Hibernate: insert into usuarios (aprobado_saber_pro,documento,email,nombre_completo,pago_cargado,password,programa,puntaje_global,rol,semestre) values (?,?,?,?,?,?,?,?,?,?)
Hibernate: insert into usuario_authorities (usuario_id,authorities) values (?,?)
Hibernate: select u1_0.id,u1_0.aprobado_saber_pro,u1_0.documento,u1_0.email,u1_0.nombre_completo,u1_0.pago_cargado,u1_0.password,u1_0.programa,u1_0.puntaje_global,u1_0.rol,u1_0.semestre from usuarios u1_0 where u1_0.email=?
Hibernate: insert into usuarios (aprobado_saber_pro,documento,email,nombre_completo,pago_cargado,password,programa,puntaje_global,rol,semestre) values (?,?,?,?,?,?,?,?,?,?)
Hibernate: insert into usuario_authorities (usuario_id,authorities) values (?,?)
Hibernate: select u1_0.id,u1_0.aprobado_saber_pro,u1_0.documento,u1_0.email,u1_0.nombre_completo,u1_0.pago_cargado,u1_0.password,u1_0.programa,u1_0.puntaje_global,u1_0.rol,u1_0.semestre from usuarios u1_0 where u1_0.email=?
Hibernate: insert into usuarios (aprobado_saber_pro,documento,email,nombre_completo,pago_cargado,password,programa,puntaje_global,rol,semestre) values (?,?,?,?,?,?,?,?,?,?)
Hibernate: insert into usuario_authorities (usuario_id,authorities) values (?,?)
Hibernate: select u1_0.id,u1_0.aprobado_saber_pro,u1_0.documento,u1_0.email,u1_0.nombre_completo,u1_0.pago_cargado,u1_0.password,u1_0.programa,u1_0.puntaje_global,u1_0.rol,u1_0.semestre from usuarios u1_0 where u1_0.email=?
Hibernate: insert into usuarios (aprobado_saber_pro,documento,email,nombre_completo,pago_cargado,password,programa,puntaje_global,rol,semestre) values (?,?,?,?,?,?,?,?,?,?)
Hibernate: insert into usuario_authorities (usuario_id,authorities) values (?,?)
Hibernate: select u1_0.id,u1_0.aprobado_saber_pro,u1_0.documento,u1_0.email,u1_0.nombre_completo,u1_0.pago_cargado,u1_0.password,u1_0.programa,u1_0.puntaje_global,u1_0.rol,u1_0.semestre from usuarios u1_0 where u1_0.email=?
Hibernate: insert into usuarios (aprobado_saber_pro,documento,email,nombre_completo,pago_cargado,password,programa,puntaje_global,rol,semestre) values (?,?,?,?,?,?,?,?,?,?)
Hibernate: insert into usuario_authorities (usuario_id,authorities) values (?,?)
✅ 10 estudiantes del Excel + Admin y Coordinador creados
]]></system-out>
    <system-err><![CDATA[Mockito is currently self-attaching to enable the inline-mock-maker. This will no longer work in future releases of the JDK. Please add Mockito as an agent to your build as described in Mockito's documentation: https://javadoc.io/doc/org.mockito/mockito-core/latest/org.mockito/org/mockito/Mockito.html#0.3
WARNING: A Java agent has been loaded dynamically (C:\Users\Nicolas\.m2\repository\net\bytebuddy\byte-buddy-agent\1.17.8\byte-buddy-agent-1.17.8.jar)
WARNING: If a serviceability tool is in use, please run with -XX:+EnableDynamicAgentLoading to hide this warning
WARNING: If a serviceability tool is not in use, please run with -Djdk.instrument.traceUsage for more information
WARNING: Dynamic loading of agents will be disallowed by default in a future release
]]></system-err>
  </testcase>
</testsuite>